[debug] [2019-09-19T14:12:58.365Z] ----------------------------------------------------------------------
[debug] [2019-09-19T14:12:58.367Z] Command:       /home/francis/.nvm/versions/node/v10.16.3/bin/node /home/francis/.nvm/versions/node/v10.16.3/bin/firebase --debug deploy --only hosting:epatite.web.app
[debug] [2019-09-19T14:12:58.368Z] CLI Version:   7.3.2
[debug] [2019-09-19T14:12:58.368Z] Platform:      linux
[debug] [2019-09-19T14:12:58.368Z] Node Version:  v10.16.3
[debug] [2019-09-19T14:12:58.368Z] Time:          Thu Sep 19 2019 16:12:58 GMT+0200 (Central European Summer Time)
[debug] [2019-09-19T14:12:58.368Z] ----------------------------------------------------------------------
[debug] 
[debug] [2019-09-19T14:12:58.372Z] > command requires scopes: ["email","openid","https://www.googleapis.com/auth/cloudplatformprojects.readonly","https://www.googleapis.com/auth/firebase","https://www.googleapis.com/auth/cloud-platform"]
[debug] [2019-09-19T14:12:58.373Z] > authorizing via signed-in user
[debug] [2019-09-19T14:12:58.373Z] [iam] checking project epatite-e413a for permissions ["firebase.projects.get","firebasehosting.sites.update"]
[debug] [2019-09-19T14:12:58.374Z] >>> HTTP REQUEST POST https://cloudresourcemanager.googleapis.com/v1/projects/epatite-e413a:testIamPermissions  

[debug] [2019-09-19T14:12:59.234Z] <<< HTTP RESPONSE 200
[debug] [2019-09-19T14:12:59.236Z] >>> HTTP REQUEST GET https://firebase.googleapis.com/v1beta1/projects/epatite-e413a  
 
[debug] [2019-09-19T14:12:59.467Z] <<< HTTP RESPONSE 200
[info] 
[info] === Deploying to 'epatite-e413a'...
[info] 
[info] i  deploying hosting
[info] 
[info] ✔  Deploy complete!
[info] 
[info] Project Console: https://console.firebase.google.com/project/epatite-e413a/overview
[debug] [2019-09-19T14:12:59.555Z] TypeError: Cannot read property 'deploys' of undefined
    at /home/francis/.nvm/versions/node/v10.16.3/lib/node_modules/firebase-tools/lib/deploy/index.js:84:36
    at process._tickCallback (internal/process/next_tick.js:68:7)
[error] 
[error] Error: An unexpected error has occurred.
[debug] [2019-09-19T14:18:20.853Z] ----------------------------------------------------------------------
[debug] [2019-09-19T14:18:20.855Z] Command:       /home/francis/.nvm/versions/node/v10.16.3/bin/node /home/francis/.nvm/versions/node/v10.16.3/bin/firebase --debug deploy
[debug] [2019-09-19T14:18:20.855Z] CLI Version:   7.3.2
[debug] [2019-09-19T14:18:20.855Z] Platform:      linux
[debug] [2019-09-19T14:18:20.855Z] Node Version:  v10.16.3
[debug] [2019-09-19T14:18:20.855Z] Time:          Thu Sep 19 2019 16:18:20 GMT+0200 (Central European Summer Time)
[debug] [2019-09-19T14:18:20.856Z] ----------------------------------------------------------------------
[debug] 
[debug] [2019-09-19T14:18:20.860Z] > command requires scopes: ["email","openid","https://www.googleapis.com/auth/cloudplatformprojects.readonly","https://www.googleapis.com/auth/firebase","https://www.googleapis.com/auth/cloud-platform"]
[debug] [2019-09-19T14:18:20.860Z] > authorizing via signed-in user
[debug] [2019-09-19T14:18:20.860Z] [iam] checking project epatite-e413a for permissions ["firebase.projects.get","firebasehosting.sites.update"]
[debug] [2019-09-19T14:18:20.861Z] > refreshing access token with scopes: ["email","https://www.googleapis.com/auth/cloud-platform","https://www.googleapis.com/auth/cloudplatformprojects.readonly","https://www.googleapis.com/auth/firebase","openid"]
[debug] [2019-09-19T14:18:20.861Z] >>> HTTP REQUEST POST https://www.googleapis.com/oauth2/v3/token  
 <request body omitted>
[debug] [2019-09-19T14:18:20.990Z] <<< HTTP RESPONSE 200
[debug] [2019-09-19T14:18:21.081Z] >>> HTTP REQUEST POST https://cloudresourcemanager.googleapis.com/v1/projects/epatite-e413a:testIamPermissions  

[debug] [2019-09-19T14:18:21.289Z] <<< HTTP RESPONSE 200
[debug] [2019-09-19T14:18:21.291Z] >>> HTTP REQUEST GET https://firebase.googleapis.com/v1beta1/projects/epatite-e413a  
 
[debug] [2019-09-19T14:18:21.515Z] <<< HTTP RESPONSE 200
[info] 
[info] === Deploying to 'epatite-e413a'...
[info] 
[info] i  deploying hosting
[debug] [2019-09-19T14:18:21.517Z] >>> HTTP REQUEST POST https://firebasehosting.googleapis.com/v1beta1/sites/epatite/versions  

[debug] [2019-09-19T14:18:22.983Z] <<< HTTP RESPONSE 200
[info] i  hosting[epatite]: beginning deploy...
[info] i  hosting[epatite]: found 35 files in ./docs/.vuepress/dist
[debug] [2019-09-19T14:18:22.992Z] [hosting] hash cache [ZG9jcy8udnVlcHJlc3MvZGlzdA] load error: lines is not defined
[debug] [2019-09-19T14:18:23.055Z] [hosting] hash cache [ZG9jcy8udnVlcHJlc3MvZGlzdA] stored for 35 files
[debug] [2019-09-19T14:18:23.056Z] [hosting][hash queue][FINAL]
[debug] [2019-09-19T14:18:23.056Z] >>> HTTP REQUEST POST https://firebasehosting.googleapis.com/v1beta1/sites/epatite/versions/6bc34e29a3c4ed3f:populateFiles  
 <request body omitted>
[debug] [2019-09-19T14:18:24.603Z] <<< HTTP RESPONSE 200
[debug] [2019-09-19T14:18:24.615Z] [hosting][populate queue][FINAL]
[debug] [2019-09-19T14:18:24.615Z] [hosting] uploads queued: 33
[info] i  hosting: uploading new files [0/33] (0%)
[info] i  hosting: uploading new files [8/33] (24%)
[debug] [2019-09-19T14:18:27.556Z] [hosting][upload queue][FINAL]
[info] ✔  hosting[epatite]: file upload complete
[debug] [2019-09-19T14:18:27.556Z] [hosting] deploy completed after 4572ms
[debug] [2019-09-19T14:18:27.642Z] [
  {
    "config": {
      "public": "./docs/.vuepress/dist",
      "site": "epatite",
      "ignore": [
        "firebase.json",
        "**/.*",
        "**/node_modules/**"
      ]
    },
    "site": "epatite",
    "version": "sites/epatite/versions/6bc34e29a3c4ed3f"
  }
]
[info] i  hosting[epatite]: finalizing version...
[debug] [2019-09-19T14:18:27.643Z] >>> HTTP REQUEST PATCH https://firebasehosting.googleapis.com/v1beta1/sites/epatite/versions/6bc34e29a3c4ed3f?updateMask=status  

[debug] [2019-09-19T14:18:28.756Z] <<< HTTP RESPONSE 200
[debug] [2019-09-19T14:18:28.756Z] [hosting] finalized version for epatite:
[info] ✔  hosting[epatite]: version finalized
[info] i  hosting[epatite]: releasing new version...
[debug] [2019-09-19T14:18:28.757Z] >>> HTTP REQUEST POST https://firebasehosting.googleapis.com/v1beta1/sites/epatite/releases?version_name=sites/epatite/versions/6bc34e29a3c4ed3f  

[debug] [2019-09-19T14:18:29.779Z] <<< HTTP RESPONSE 200
[debug] [2019-09-19T14:18:29.779Z] [hosting] release:
[info] ✔  hosting[epatite]: release complete
[info] 
[info] ✔  Deploy complete!
[info] 
[info] Project Console: https://console.firebase.google.com/project/epatite-e413a/overview
[info] Hosting URL: https://epatite.firebaseapp.com
[debug] [2019-09-19T15:02:06.006Z] ----------------------------------------------------------------------
[debug] [2019-09-19T15:02:06.008Z] Command:       /home/francis/.nvm/versions/node/v10.16.3/bin/node /home/francis/.nvm/versions/node/v10.16.3/bin/firebase --debug deploy
[debug] [2019-09-19T15:02:06.008Z] CLI Version:   7.3.2
[debug] [2019-09-19T15:02:06.008Z] Platform:      linux
[debug] [2019-09-19T15:02:06.008Z] Node Version:  v10.16.3
[debug] [2019-09-19T15:02:06.008Z] Time:          Thu Sep 19 2019 17:02:06 GMT+0200 (Central European Summer Time)
[debug] [2019-09-19T15:02:06.008Z] ----------------------------------------------------------------------
[debug] 
[debug] [2019-09-19T15:02:06.012Z] > command requires scopes: ["email","openid","https://www.googleapis.com/auth/cloudplatformprojects.readonly","https://www.googleapis.com/auth/firebase","https://www.googleapis.com/auth/cloud-platform"]
[debug] [2019-09-19T15:02:06.013Z] > authorizing via signed-in user
[debug] [2019-09-19T15:02:06.013Z] [iam] checking project epatite-e413a for permissions ["firebase.projects.get","firebasehosting.sites.update"]
[debug] [2019-09-19T15:02:06.014Z] >>> HTTP REQUEST POST https://cloudresourcemanager.googleapis.com/v1/projects/epatite-e413a:testIamPermissions  

[debug] [2019-09-19T15:02:06.904Z] <<< HTTP RESPONSE 200
[debug] [2019-09-19T15:02:06.906Z] >>> HTTP REQUEST GET https://firebase.googleapis.com/v1beta1/projects/epatite-e413a  
 
[debug] [2019-09-19T15:02:07.197Z] <<< HTTP RESPONSE 200
[info] 
[info] === Deploying to 'epatite-e413a'...
[info] 
[info] i  deploying hosting
[debug] [2019-09-19T15:02:07.199Z] >>> HTTP REQUEST POST https://firebasehosting.googleapis.com/v1beta1/sites/epatite/versions  

[debug] [2019-09-19T15:02:08.860Z] <<< HTTP RESPONSE 200
[info] i  hosting[epatite]: beginning deploy...
[info] i  hosting[epatite]: found 35 files in ./docs/.vuepress/dist
[debug] [2019-09-19T15:02:08.872Z] [hosting] hash cache [ZG9jcy8udnVlcHJlc3MvZGlzdA] load error: lines is not defined
[debug] [2019-09-19T15:02:08.953Z] [hosting] hash cache [ZG9jcy8udnVlcHJlc3MvZGlzdA] stored for 35 files
[debug] [2019-09-19T15:02:08.953Z] [hosting][hash queue][FINAL]
[debug] [2019-09-19T15:02:08.954Z] >>> HTTP REQUEST POST https://firebasehosting.googleapis.com/v1beta1/sites/epatite/versions/17b5e5d7e2af829a:populateFiles  
 <request body omitted>
[debug] [2019-09-19T15:02:10.335Z] <<< HTTP RESPONSE 200
[debug] [2019-09-19T15:02:10.343Z] [hosting][populate queue][FINAL]
[debug] [2019-09-19T15:02:10.343Z] [hosting] uploads queued: 22
[info] i  hosting: uploading new files [0/22] (0%)
[info] i  hosting: uploading new files [19/22] (86%)
[debug] [2019-09-19T15:02:13.579Z] [hosting][upload queue][FINAL]
[info] ✔  hosting[epatite]: file upload complete
[debug] [2019-09-19T15:02:13.580Z] [hosting] deploy completed after 4719ms
[debug] [2019-09-19T15:02:13.664Z] [
  {
    "config": {
      "public": "./docs/.vuepress/dist",
      "site": "epatite",
      "ignore": [
        "firebase.json",
        "**/.*",
        "**/node_modules/**"
      ]
    },
    "site": "epatite",
    "version": "sites/epatite/versions/17b5e5d7e2af829a"
  }
]
[info] i  hosting[epatite]: finalizing version...
[debug] [2019-09-19T15:02:13.664Z] >>> HTTP REQUEST PATCH https://firebasehosting.googleapis.com/v1beta1/sites/epatite/versions/17b5e5d7e2af829a?updateMask=status  

[debug] [2019-09-19T15:02:14.864Z] <<< HTTP RESPONSE 200
[debug] [2019-09-19T15:02:14.865Z] [hosting] finalized version for epatite:
[info] ✔  hosting[epatite]: version finalized
[info] i  hosting[epatite]: releasing new version...
[debug] [2019-09-19T15:02:14.865Z] >>> HTTP REQUEST POST https://firebasehosting.googleapis.com/v1beta1/sites/epatite/releases?version_name=sites/epatite/versions/17b5e5d7e2af829a  

[debug] [2019-09-19T15:02:15.891Z] <<< HTTP RESPONSE 200
[debug] [2019-09-19T15:02:15.891Z] [hosting] release:
[info] ✔  hosting[epatite]: release complete
[info] 
[info] ✔  Deploy complete!
[info] 
[info] Project Console: https://console.firebase.google.com/project/epatite-e413a/overview
[info] Hosting URL: https://epatite.firebaseapp.com
